# JRE version: OpenJDK Runtime Environment Temurin-17.0.4.1+1 (17.0.4.1+1) (build 17.0.4.1+1)
# Java VM: OpenJDK 64-Bit Server VM Temurin-17.0.4.1+1 (17.0.4.1+1, mixed mode, tiered, compressed oops, compressed class ptrs, parallel gc, windows-amd64)
GC Precious Log:
 CPUs: 8 total, 8 available
 Memory: 8044M
 Large Page Support: Disabled
 NUMA Support: Disabled
 Compressed Oops: Enabled (32-bit)
 Alignments: Space 512K, Generation 512K, Heap 2M
 Heap Min Capacity: 100M
 Heap Initial Capacity: 100M
 Heap Max Capacity: 1G
 Pre-touch: Disabled
 Parallel Workers: 8
Heap:
 PSYoungGen      total 14336K, used 13824K [0x00000000eab00000, 0x00000000ec080000, 0x0000000100000000)
  eden space 13824K, 100% used [0x00000000eab00000,0x00000000eb880000,0x00000000eb880000)
  from space 512K, 0% used [0x00000000eb900000,0x00000000eb900000,0x00000000eb980000)
  to   space 4096K, 0% used [0x00000000ebc80000,0x00000000ebc80000,0x00000000ec080000)
 ParOldGen       total 216064K, used 215821K [0x00000000c0000000, 0x00000000cd300000, 0x00000000eab00000)
  object space 216064K, 99% used [0x00000000c0000000,0x00000000cd2c3538,0x00000000cd300000)
 Metaspace       used 55336K, committed 56192K, reserved 1105920K
  class space    used 5977K, committed 6336K, reserved 1048576K
GC Heap History (20 events):
Event: 17.971 GC heap after
{Heap after GC invocations=116 (full 9):
 PSYoungGen      total 12800K, used 2093K [0x00000000eab00000, 0x00000000eba00000, 0x0000000100000000)
  eden space 10240K, 0% used [0x00000000eab00000,0x00000000eab00000,0x00000000eb500000)
  from space 2560K, 81% used [0x00000000eb780000,0x00000000eb98b448,0x00000000eba00000)
  to   space 2560K, 0% used [0x00000000eb500000,0x00000000eb500000,0x00000000eb780000)
 ParOldGen       total 216064K, used 193893K [0x00000000c0000000, 0x00000000cd300000, 0x00000000eab00000)
  object space 216064K, 89% used [0x00000000c0000000,0x00000000cbd594a0,0x00000000cd300000)
 Metaspace       used 55325K, committed 56192K, reserved 1105920K
  class space    used 5977K, committed 6336K, reserved 1048576K
}
Event: 17.994 GC heap before
{Heap before GC invocations=117 (full 9):
 PSYoungGen      total 12800K, used 12333K [0x00000000eab00000, 0x00000000eba00000, 0x0000000100000000)
  eden space 10240K, 100% used [0x00000000eab00000,0x00000000eb500000,0x00000000eb500000)
  from space 2560K, 81% used [0x00000000eb780000,0x00000000eb98b448,0x00000000eba00000)
  to   space 2560K, 0% used [0x00000000eb500000,0x00000000eb500000,0x00000000eb780000)
 ParOldGen       total 216064K, used 193893K [0x00000000c0000000, 0x00000000cd300000, 0x00000000eab00000)
  object space 216064K, 89% used [0x00000000c0000000,0x00000000cbd594a0,0x00000000cd300000)
 Metaspace       used 55325K, committed 56192K, reserved 1105920K
  class space    used 5977K, committed 6336K, reserved 1048576K
}
Event: 17.996 GC heap after
{Heap after GC invocations=117 (full 9):
 PSYoungGen      total 12800K, used 2538K [0x00000000eab00000, 0x00000000ec000000, 0x0000000100000000)
  eden space 10240K, 0% used [0x00000000eab00000,0x00000000eab00000,0x00000000eb500000)
  from space 2560K, 99% used [0x00000000eb500000,0x00000000eb77ab78,0x00000000eb780000)
  to   space 5120K, 0% used [0x00000000ebb00000,0x00000000ebb00000,0x00000000ec000000)
 ParOldGen       total 216064K, used 195653K [0x00000000c0000000, 0x00000000cd300000, 0x00000000eab00000)
  object space 216064K, 90% used [0x00000000c0000000,0x00000000cbf11740,0x00000000cd300000)
 Metaspace       used 55325K, committed 56192K, reserved 1105920K
  class space    used 5977K, committed 6336K, reserved 1048576K
}
Event: 18.016 GC heap before
{Heap before GC invocations=118 (full 9):
 PSYoungGen      total 12800K, used 12778K [0x00000000eab00000, 0x00000000ec000000, 0x0000000100000000)
  eden space 10240K, 100% used [0x00000000eab00000,0x00000000eb500000,0x00000000eb500000)
  from space 2560K, 99% used [0x00000000eb500000,0x00000000eb77ab78,0x00000000eb780000)
  to   space 5120K, 0% used [0x00000000ebb00000,0x00000000ebb00000,0x00000000ec000000)
 ParOldGen       total 216064K, used 195653K [0x00000000c0000000, 0x00000000cd300000, 0x00000000eab00000)
  object space 216064K, 90% used [0x00000000c0000000,0x00000000cbf11740,0x00000000cd300000)
 Metaspace       used 55325K, committed 56192K, reserved 1105920K
  class space    used 5977K, committed 6336K, reserved 1048576K
}
Event: 18.018 GC heap after
{Heap after GC invocations=118 (full 9):
 PSYoungGen      total 13824K, used 2303K [0x00000000eab00000, 0x00000000ebd80000, 0x0000000100000000)
  eden space 11264K, 0% used [0x00000000eab00000,0x00000000eab00000,0x00000000eb600000)
  from space 2560K, 89% used [0x00000000ebb00000,0x00000000ebd3fed8,0x00000000ebd80000)
  to   space 3072K, 0% used [0x00000000eb780000,0x00000000eb780000,0x00000000eba80000)
 ParOldGen       total 216064K, used 198187K [0x00000000c0000000, 0x00000000cd300000, 0x00000000eab00000)
  object space 216064K, 91% used [0x00000000c0000000,0x00000000cc18adb8,0x00000000cd300000)
 Metaspace       used 55325K, committed 56192K, reserved 1105920K
  class space    used 5977K, committed 6336K, reserved 1048576K
}
Event: 18.046 GC heap before
{Heap before GC invocations=119 (full 9):
 PSYoungGen      total 13824K, used 13567K [0x00000000eab00000, 0x00000000ebd80000, 0x0000000100000000)
  eden space 11264K, 100% used [0x00000000eab00000,0x00000000eb600000,0x00000000eb600000)
  from space 2560K, 89% used [0x00000000ebb00000,0x00000000ebd3fed8,0x00000000ebd80000)
  to   space 3072K, 0% used [0x00000000eb780000,0x00000000eb780000,0x00000000eba80000)
 ParOldGen       total 216064K, used 198187K [0x00000000c0000000, 0x00000000cd300000, 0x00000000eab00000)
  object space 216064K, 91% used [0x00000000c0000000,0x00000000cc18adb8,0x00000000cd300000)
 Metaspace       used 55325K, committed 56192K, reserved 1105920K
  class space    used 5977K, committed 6336K, reserved 1048576K
}
Event: 18.048 GC heap after
{Heap after GC invocations=119 (full 9):
 PSYoungGen      total 15872K, used 3063K [0x00000000eab00000, 0x00000000ec280000, 0x0000000100000000)
  eden space 12800K, 0% used [0x00000000eab00000,0x00000000eab00000,0x00000000eb780000)
  from space 3072K, 99% used [0x00000000eb780000,0x00000000eba7dc80,0x00000000eba80000)
  to   space 5632K, 0% used [0x00000000ebd00000,0x00000000ebd00000,0x00000000ec280000)
 ParOldGen       total 216064K, used 199972K [0x00000000c0000000, 0x00000000cd300000, 0x00000000eab00000)
  object space 216064K, 92% used [0x00000000c0000000,0x00000000cc349188,0x00000000cd300000)
 Metaspace       used 55325K, committed 56192K, reserved 1105920K
  class space    used 5977K, committed 6336K, reserved 1048576K
}
Event: 18.077 GC heap before
{Heap before GC invocations=120 (full 9):
 PSYoungGen      total 15872K, used 15863K [0x00000000eab00000, 0x00000000ec280000, 0x0000000100000000)
  eden space 12800K, 100% used [0x00000000eab00000,0x00000000eb780000,0x00000000eb780000)
  from space 3072K, 99% used [0x00000000eb780000,0x00000000eba7dc80,0x00000000eba80000)
  to   space 5632K, 0% used [0x00000000ebd00000,0x00000000ebd00000,0x00000000ec280000)
 ParOldGen       total 216064K, used 199972K [0x00000000c0000000, 0x00000000cd300000, 0x00000000eab00000)
  object space 216064K, 92% used [0x00000000c0000000,0x00000000cc349188,0x00000000cd300000)
 Metaspace       used 55325K, committed 56192K, reserved 1105920K
  class space    used 5977K, committed 6336K, reserved 1048576K
}
Event: 18.080 GC heap after
{Heap after GC invocations=120 (full 9):
 PSYoungGen      total 15872K, used 2951K [0x00000000eab00000, 0x00000000ec000000, 0x0000000100000000)
  eden space 12800K, 0% used [0x00000000eab00000,0x00000000eab00000,0x00000000eb780000)
  from space 3072K, 96% used [0x00000000ebd00000,0x00000000ebfe1c38,0x00000000ec000000)
  to   space 4096K, 0% used [0x00000000eb800000,0x00000000eb800000,0x00000000ebc00000)
 ParOldGen       total 216064K, used 203039K [0x00000000c0000000, 0x00000000cd300000, 0x00000000eab00000)
  object space 216064K, 93% used [0x00000000c0000000,0x00000000cc647d18,0x00000000cd300000)
 Metaspace       used 55325K, committed 56192K, reserved 1105920K
  class space    used 5977K, committed 6336K, reserved 1048576K
}
Event: 18.110 GC heap before
{Heap before GC invocations=121 (full 9):
 PSYoungGen      total 15872K, used 15751K [0x00000000eab00000, 0x00000000ec000000, 0x0000000100000000)
  eden space 12800K, 100% used [0x00000000eab00000,0x00000000eb780000,0x00000000eb780000)
  from space 3072K, 96% used [0x00000000ebd00000,0x00000000ebfe1c38,0x00000000ec000000)
  to   space 4096K, 0% used [0x00000000eb800000,0x00000000eb800000,0x00000000ebc00000)
 ParOldGen       total 216064K, used 203039K [0x00000000c0000000, 0x00000000cd300000, 0x00000000eab00000)
  object space 216064K, 93% used [0x00000000c0000000,0x00000000cc647d18,0x00000000cd300000)
 Metaspace       used 55325K, committed 56192K, reserved 1105920K
  class space    used 5977K, committed 6336K, reserved 1048576K
}
Event: 18.112 GC heap after
{Heap after GC invocations=121 (full 9):
 PSYoungGen      total 16896K, used 4094K [0x00000000eab00000, 0x00000000ec480000, 0x0000000100000000)
  eden space 12800K, 0% used [0x00000000eab00000,0x00000000eab00000,0x00000000eb780000)
  from space 4096K, 99% used [0x00000000eb800000,0x00000000ebbffae8,0x00000000ebc00000)
  to   space 6656K, 0% used [0x00000000ebe00000,0x00000000ebe00000,0x00000000ec480000)
 ParOldGen       total 216064K, used 204715K [0x00000000c0000000, 0x00000000cd300000, 0x00000000eab00000)
  object space 216064K, 94% used [0x00000000c0000000,0x00000000cc7eade8,0x00000000cd300000)
 Metaspace       used 55325K, committed 56192K, reserved 1105920K
  class space    used 5977K, committed 6336K, reserved 1048576K
}
Event: 18.136 GC heap before
{Heap before GC invocations=122 (full 9):
 PSYoungGen      total 16896K, used 16894K [0x00000000eab00000, 0x00000000ec480000, 0x0000000100000000)
  eden space 12800K, 100% used [0x00000000eab00000,0x00000000eb780000,0x00000000eb780000)
  from space 4096K, 99% used [0x00000000eb800000,0x00000000ebbffae8,0x00000000ebc00000)
  to   space 6656K, 0% used [0x00000000ebe00000,0x00000000ebe00000,0x00000000ec480000)
 ParOldGen       total 216064K, used 204715K [0x00000000c0000000, 0x00000000cd300000, 0x00000000eab00000)
  object space 216064K, 94% used [0x00000000c0000000,0x00000000cc7eade8,0x00000000cd300000)
 Metaspace       used 55325K, committed 56192K, reserved 1105920K
  class space    used 5977K, committed 6336K, reserved 1048576K
}
Event: 18.139 GC heap after
{Heap after GC invocations=122 (full 9):
 PSYoungGen      total 15872K, used 2975K [0x00000000eab00000, 0x00000000ec100000, 0x0000000100000000)
  eden space 12800K, 0% used [0x00000000eab00000,0x00000000eab00000,0x00000000eb780000)
  from space 3072K, 96% used [0x00000000ebe00000,0x00000000ec0e7c48,0x00000000ec100000)
  to   space 4096K, 0% used [0x00000000eb900000,0x00000000eb900000,0x00000000ebd00000)
 ParOldGen       total 216064K, used 208889K [0x00000000c0000000, 0x00000000cd300000, 0x00000000eab00000)
  object space 216064K, 96% used [0x00000000c0000000,0x00000000ccbfe5c8,0x00000000cd300000)
 Metaspace       used 55325K, committed 56192K, reserved 1105920K
  class space    used 5977K, committed 6336K, reserved 1048576K
}
Event: 18.166 GC heap before
{Heap before GC invocations=123 (full 9):
 PSYoungGen      total 15872K, used 15775K [0x00000000eab00000, 0x00000000ec100000, 0x0000000100000000)
  eden space 12800K, 100% used [0x00000000eab00000,0x00000000eb780000,0x00000000eb780000)
  from space 3072K, 96% used [0x00000000ebe00000,0x00000000ec0e7c48,0x00000000ec100000)
  to   space 4096K, 0% used [0x00000000eb900000,0x00000000eb900000,0x00000000ebd00000)
 ParOldGen       total 216064K, used 208889K [0x00000000c0000000, 0x00000000cd300000, 0x00000000eab00000)
  object space 216064K, 96% used [0x00000000c0000000,0x00000000ccbfe5c8,0x00000000cd300000)
 Metaspace       used 55325K, committed 56192K, reserved 1105920K
  class space    used 5977K, committed 6336K, reserved 1048576K
}
Event: 18.168 GC heap after
{Heap after GC invocations=123 (full 9):
 PSYoungGen      total 16896K, used 4083K [0x00000000eab00000, 0x00000000ec480000, 0x0000000100000000)
  eden space 12800K, 0% used [0x00000000eab00000,0x00000000eab00000,0x00000000eb780000)
  from space 4096K, 99% used [0x00000000eb900000,0x00000000ebcfcdb0,0x00000000ebd00000)
  to   space 6656K, 0% used [0x00000000ebe00000,0x00000000ebe00000,0x00000000ec480000)
 ParOldGen       total 216064K, used 210588K [0x00000000c0000000, 0x00000000cd300000, 0x00000000eab00000)
  object space 216064K, 97% used [0x00000000c0000000,0x00000000ccda7128,0x00000000cd300000)
 Metaspace       used 55325K, committed 56192K, reserved 1105920K
  class space    used 5977K, committed 6336K, reserved 1048576K
}
Event: 18.198 GC heap before
{Heap before GC invocations=124 (full 9):
 PSYoungGen      total 16896K, used 16883K [0x00000000eab00000, 0x00000000ec480000, 0x0000000100000000)
  eden space 12800K, 100% used [0x00000000eab00000,0x00000000eb780000,0x00000000eb780000)
  from space 4096K, 99% used [0x00000000eb900000,0x00000000ebcfcdb0,0x00000000ebd00000)
  to   space 6656K, 0% used [0x00000000ebe00000,0x00000000ebe00000,0x00000000ec480000)
 ParOldGen       total 216064K, used 210588K [0x00000000c0000000, 0x00000000cd300000, 0x00000000eab00000)
  object space 216064K, 97% used [0x00000000c0000000,0x00000000ccda7128,0x00000000cd300000)
 Metaspace       used 55325K, committed 56192K, reserved 1105920K
  class space    used 5977K, committed 6336K, reserved 1048576K
}
Event: 18.201 GC heap after
{Heap after GC invocations=124 (full 9):
 PSYoungGen      total 15872K, used 3033K [0x00000000eab00000, 0x00000000ec100000, 0x0000000100000000)
  eden space 12800K, 0% used [0x00000000eab00000,0x00000000eab00000,0x00000000eb780000)
  from space 3072K, 98% used [0x00000000ebe00000,0x00000000ec0f6420,0x00000000ec100000)
  to   space 4096K, 0% used [0x00000000eb900000,0x00000000eb900000,0x00000000ebd00000)
 ParOldGen       total 216064K, used 214617K [0x00000000c0000000, 0x00000000cd300000, 0x00000000eab00000)
  object space 216064K, 99% used [0x00000000c0000000,0x00000000cd1967d8,0x00000000cd300000)
 Metaspace       used 55325K, committed 56192K, reserved 1105920K
  class space    used 5977K, committed 6336K, reserved 1048576K
}
Event: 18.201 GC heap before
{Heap before GC invocations=125 (full 10):
 PSYoungGen      total 15872K, used 3033K [0x00000000eab00000, 0x00000000ec100000, 0x0000000100000000)
  eden space 12800K, 0% used [0x00000000eab00000,0x00000000eab00000,0x00000000eb780000)
  from space 3072K, 98% used [0x00000000ebe00000,0x00000000ec0f6420,0x00000000ec100000)
  to   space 4096K, 0% used [0x00000000eb900000,0x00000000eb900000,0x00000000ebd00000)
 ParOldGen       total 216064K, used 214617K [0x00000000c0000000, 0x00000000cd300000, 0x00000000eab00000)
  object space 216064K, 99% used [0x00000000c0000000,0x00000000cd1967d8,0x00000000cd300000)
 Metaspace       used 55325K, committed 56192K, reserved 1105920K
  class space    used 5977K, committed 6336K, reserved 1048576K
}
Event: 22.314 GC heap after
{Heap after GC invocations=125 (full 10):
 PSYoungGen      total 14336K, used 0K [0x00000000eab00000, 0x00000000ec080000, 0x0000000100000000)
  eden space 13824K, 0% used [0x00000000eab00000,0x00000000eab00000,0x00000000eb880000)
  from space 512K, 0% used [0x00000000eb900000,0x00000000eb900000,0x00000000eb980000)
  to   space 4096K, 0% used [0x00000000ebc80000,0x00000000ebc80000,0x00000000ec080000)
 ParOldGen       total 216064K, used 215821K [0x00000000c0000000, 0x00000000cd300000, 0x00000000eab00000)
  object space 216064K, 99% used [0x00000000c0000000,0x00000000cd2c3538,0x00000000cd300000)
 Metaspace       used 55325K, committed 56192K, reserved 1105920K
  class space    used 5977K, committed 6336K, reserved 1048576K
}
Event: 22.343 GC heap before
{Heap before GC invocations=126 (full 11):
 PSYoungGen      total 14336K, used 13824K [0x00000000eab00000, 0x00000000ec080000, 0x0000000100000000)
  eden space 13824K, 100% used [0x00000000eab00000,0x00000000eb880000,0x00000000eb880000)
  from space 512K, 0% used [0x00000000eb900000,0x00000000eb900000,0x00000000eb980000)
  to   space 4096K, 0% used [0x00000000ebc80000,0x00000000ebc80000,0x00000000ec080000)
 ParOldGen       total 216064K, used 215821K [0x00000000c0000000, 0x00000000cd300000, 0x00000000eab00000)
  object space 216064K, 99% used [0x00000000c0000000,0x00000000cd2c3538,0x00000000cd300000)
 Metaspace       used 55336K, committed 56192K, reserved 1105920K
  class space    used 5977K, committed 6336K, reserved 1048576K
}

